<?xml version="1.0" encoding="UTF-8"?>
<testng-results skipped="0" failed="0" ignored="0" total="1" passed="1">
  <reporter-output>
  </reporter-output>
  <suite name="Surefire suite" duration-ms="13391" started-at="2019-10-12T20:38:35 YEKT" finished-at="2019-10-12T20:38:48 YEKT">
    <groups>
    </groups>
    <test name="Surefire test" duration-ms="13391" started-at="2019-10-12T20:38:35 YEKT" finished-at="2019-10-12T20:38:48 YEKT">
      <class name="org.ds.task.AppTest">
        <test-method status="PASS" signature="setup()[pri:0, instance:org.ds.task.AppTest@1a75e76a]" name="setup" is-config="true" duration-ms="21" started-at="2019-10-12T20:38:35 YEKT" finished-at="2019-10-12T20:38:35 YEKT">
          <reporter-output>
          </reporter-output>
        </test-method> <!-- setup -->
        <test-method status="PASS" signature="shouldGoToTheHomePage()[pri:0, instance:org.ds.task.AppTest@1a75e76a]" name="shouldGoToTheHomePage" duration-ms="10956" started-at="2019-10-12T20:38:35 YEKT" finished-at="2019-10-12T20:38:46 YEKT">
          <reporter-output>
          </reporter-output>
        </test-method> <!-- shouldGoToTheHomePage -->
        <test-method status="PASS" signature="tearDown()[pri:0, instance:org.ds.task.AppTest@1a75e76a]" name="tearDown" is-config="true" duration-ms="2375" started-at="2019-10-12T20:38:46 YEKT" finished-at="2019-10-12T20:38:48 YEKT">
          <reporter-output>
          </reporter-output>
        </test-method> <!-- tearDown -->
      </class> <!-- org.ds.task.AppTest -->
    </test> <!-- Surefire test -->
  </suite> <!-- Surefire suite -->
</testng-results>
